<?xml version="1.0" encoding="UTF-8"?>
<!-- Generated by org.testng.reporters.JUnitReportReporter -->
<testsuite hostname="Lokesh" failures="0" tests="1" name="jenkreal.sampTest" time="0.028" errors="0" timestamp="13 Jul 2023 08:30:20 GMT" skipped="0">
  <testcase classname="jenkreal.sampTest" name="meTest" time="0.028"/>
</testsuite> <!-- jenkreal.sampTest -->
